<?xml version="1.0" encoding="UTF-8"?>
<!-- Generated by org.testng.reporters.JUnitXMLReporter -->
<testsuite hostname="DESKTOP-2NAMQF0" ignored="10" name="Test" tests="30" failures="1" timestamp="2022-12-10T11:42:57 IST" time="148.954" errors="0">
  <testcase name="verifyLogo" time="0.02" classname="com.restuarant.testcases.LoginPageTest"/>
  <testcase name="invalidLogin" time="4.889" classname="com.restuarant.testcases.LoginPageTest"/>
  <testcase name="invalidPassword" time="4.433" classname="com.restuarant.testcases.LoginPageTest"/>
  <testcase name="invalidUsername" time="3.969" classname="com.restuarant.testcases.LoginPageTest"/>
  <testcase name="blankUsername" time="3.675" classname="com.restuarant.testcases.LoginPageTest"/>
  <testcase name="blankPassword" time="3.386" classname="com.restuarant.testcases.LoginPageTest"/>
  <testcase name="blankUsernamePassword" time="3.325" classname="com.restuarant.testcases.LoginPageTest"/>
  <testcase name="login" time="6.756" classname="com.restuarant.testcases.LoginPageTest"/>
  <testcase name="language" time="5.25" classname="com.restuarant.testcases.HomePageTest"/>
  <testcase name="SelectLangEnglish" time="4.737" classname="com.restuarant.testcases.HomePageTest"/>
  <testcase name="products" time="5.618" classname="com.restuarant.testcases.HomePageTest"/>
  <testcase name="ShowDropDown" time="4.255" classname="com.restuarant.testcases.ProductsPageTest"/>
  <testcase name="SelectSupplier" time="5.236" classname="com.restuarant.testcases.ProductsPageTest"/>
  <testcase name="ViewProduct" time="4.633" classname="com.restuarant.testcases.ProductsPageTest">
    <failure type="java.lang.AssertionError" message="expected [TVM Apple shake] but found []">
      <![CDATA[java.lang.AssertionError: expected [TVM Apple shake] but found []
at com.restuarant.testcases.ProductsPageTest.ViewProduct(ProductsPageTest.java:60)
at java.util.ArrayList.forEach(ArrayList.java:1257)
... Removed 33 stack frames]]>
    </failure>
  </testcase> <!-- ViewProduct -->
  <testcase name="SelectAllSupplier" time="1.941" classname="com.restuarant.testcases.ProductsPageTest"/>
  <testcase name="SelectStore" time="5.042" classname="com.restuarant.testcases.StoresPageTest"/>
  <testcase name="SearchStore" time="3.118" classname="com.restuarant.testcases.StoresPageTest"/>
  <testcase name="ExpenseSearch" time="7.423" classname="com.restuarant.testcases.ExpensePageTest"/>
  <testcase name="addExpence" time="3.072" classname="com.restuarant.testcases.ExpensePageTest"/>
  <testcase name="searchExpence" time="0.278" classname="com.restuarant.testcases.ExpensePageTest"/>
  <testcase name="deleteExpence" time="18.299" classname="com.restuarant.testcases.ExpensePageTest"/>
  <testcase name="deleteExpenceCancel" time="18.267" classname="com.restuarant.testcases.ExpensePageTest"/>
  <testcase name="SalesSearch" time="1.714" classname="com.restuarant.testcases.SalesPageTest"/>
  <testcase name="SelectPeople" time="4.48" classname="com.restuarant.testcases.PeoplesPageTest"/>
  <testcase name="SearchWaiternotPresent" time="0.256" classname="com.restuarant.testcases.PeoplesPageTest"/>
  <testcase name="SearchWaiterPresent" time="3.155" classname="com.restuarant.testcases.PeoplesPageTest"/>
  <testcase name="SelectCustomer" time="4.695" classname="com.restuarant.testcases.PeoplesPageTest"/>
  <testcase name="SearchCustomernotPresent" time="3.202" classname="com.restuarant.testcases.PeoplesPageTest"/>
  <testcase name="SearchCustomerPresent" time="0.192" classname="com.restuarant.testcases.PeoplesPageTest"/>
  <testcase name="addNewCustomer" time="3.978" classname="com.restuarant.testcases.PeoplesPageTest"/>
  <testcase name="@BeforeTest beforemethod" time="0.0" classname="com.restuarant.base.BaseClass">
    <ignored/>
  </testcase> <!-- @BeforeTest beforemethod -->
  <testcase name="@BeforeTest beforemethod" time="0.0" classname="com.restuarant.base.BaseClass">
    <ignored/>
  </testcase> <!-- @BeforeTest beforemethod -->
  <testcase name="@BeforeTest beforemethod" time="0.0" classname="com.restuarant.base.BaseClass">
    <ignored/>
  </testcase> <!-- @BeforeTest beforemethod -->
  <testcase name="@BeforeTest beforemethod" time="0.0" classname="com.restuarant.base.BaseClass">
    <ignored/>
  </testcase> <!-- @BeforeTest beforemethod -->
  <testcase name="@BeforeTest beforemethod" time="0.0" classname="com.restuarant.base.BaseClass">
    <ignored/>
  </testcase> <!-- @BeforeTest beforemethod -->
  <testcase name="@AfterTest closebrowser" time="0.0" classname="com.restuarant.base.BaseClass">
    <ignored/>
  </testcase> <!-- @AfterTest closebrowser -->
  <testcase name="@AfterTest closebrowser" time="0.0" classname="com.restuarant.base.BaseClass">
    <ignored/>
  </testcase> <!-- @AfterTest closebrowser -->
  <testcase name="@AfterTest closebrowser" time="0.0" classname="com.restuarant.base.BaseClass">
    <ignored/>
  </testcase> <!-- @AfterTest closebrowser -->
  <testcase name="@AfterTest closebrowser" time="0.0" classname="com.restuarant.base.BaseClass">
    <ignored/>
  </testcase> <!-- @AfterTest closebrowser -->
  <testcase name="@AfterTest closebrowser" time="0.0" classname="com.restuarant.base.BaseClass">
    <ignored/>
  </testcase> <!-- @AfterTest closebrowser -->
</testsuite> <!-- Test -->
